[debug] [2020-07-28T04:23:58.054Z] ----------------------------------------------------------------------
[debug] [2020-07-28T04:23:58.056Z] Command:       C:\Program Files\nodejs\node.exe C:\Users\dushm\AppData\Roaming\npm\node_modules\firebase-tools\lib\bin\firebase.js serve
[debug] [2020-07-28T04:23:58.056Z] CLI Version:   8.2.0
[debug] [2020-07-28T04:23:58.056Z] Platform:      win32
[debug] [2020-07-28T04:23:58.056Z] Node Version:  v10.15.3
[debug] [2020-07-28T04:23:58.057Z] Time:          Tue Jul 28 2020 09:53:58 GMT+0530 (India Standard Time)
[debug] [2020-07-28T04:23:58.057Z] ----------------------------------------------------------------------
[debug] [2020-07-28T04:23:58.057Z] 
[debug] [2020-07-28T04:23:58.072Z] > command requires scopes: ["email","openid","https://www.googleapis.com/auth/cloudplatformprojects.readonly","https://www.googleapis.com/auth/firebase","https://www.googleapis.com/auth/cloud-platform"]
[debug] [2020-07-28T04:23:58.072Z] > authorizing via signed-in user
[debug] [2020-07-28T04:23:58.072Z] [iam] checking project poised-charger-184507-910c4 for permissions ["firebase.projects.get"]
[debug] [2020-07-28T04:23:58.074Z] > refreshing access token with scopes: ["email","https://www.googleapis.com/auth/cloud-platform","https://www.googleapis.com/auth/cloudplatformprojects.readonly","https://www.googleapis.com/auth/firebase","openid"]
[debug] [2020-07-28T04:23:58.074Z] >>> HTTP REQUEST POST https://www.googleapis.com/oauth2/v3/token  
 <request body omitted>
[debug] [2020-07-28T04:23:58.290Z] <<< HTTP RESPONSE 200 {"content-type":"application/json; charset=utf-8","vary":"X-Origin, Referer, Origin,Accept-Encoding","date":"Tue, 28 Jul 2020 04:23:59 GMT","server":"scaffolding on HTTPServer2","cache-control":"private","x-xss-protection":"0","x-frame-options":"SAMEORIGIN","x-content-type-options":"nosniff","alt-svc":"h3-29=\":443\"; ma=2592000,h3-27=\":443\"; ma=2592000,h3-T050=\":443\"; ma=2592000,h3-Q050=\":443\"; ma=2592000,h3-Q046=\":443\"; ma=2592000,h3-Q043=\":443\"; ma=2592000,quic=\":443\"; ma=2592000; v=\"46,43\"","accept-ranges":"none","transfer-encoding":"chunked"}
[debug] [2020-07-28T04:23:58.296Z] >>> HTTP REQUEST POST https://cloudresourcemanager.googleapis.com/v1/projects/poised-charger-184507-910c4:testIamPermissions  
 {"permissions":["firebase.projects.get"]}
[debug] [2020-07-28T04:23:59.517Z] <<< HTTP RESPONSE 200 {"content-type":"application/json; charset=UTF-8","vary":"X-Origin, Referer, Origin,Accept-Encoding","date":"Tue, 28 Jul 2020 04:24:00 GMT","server":"ESF","cache-control":"private","x-xss-protection":"0","x-frame-options":"SAMEORIGIN","x-content-type-options":"nosniff","server-timing":"gfet4t7; dur=995","alt-svc":"h3-29=\":443\"; ma=2592000,h3-27=\":443\"; ma=2592000,h3-T050=\":443\"; ma=2592000,h3-Q050=\":443\"; ma=2592000,h3-Q046=\":443\"; ma=2592000,h3-Q043=\":443\"; ma=2592000,quic=\":443\"; ma=2592000; v=\"46,43\"","accept-ranges":"none","transfer-encoding":"chunked"}
[debug] [2020-07-28T04:23:59.518Z] >>> HTTP REQUEST GET https://firebase.googleapis.com/v1beta1/projects/poised-charger-184507-910c4  
 
[debug] [2020-07-28T04:23:59.915Z] <<< HTTP RESPONSE 200 {"content-type":"application/json; charset=UTF-8","vary":"X-Origin, Referer, Origin,Accept-Encoding","date":"Tue, 28 Jul 2020 04:24:01 GMT","server":"ESF","cache-control":"private","x-xss-protection":"0","x-frame-options":"SAMEORIGIN","x-content-type-options":"nosniff","alt-svc":"h3-29=\":443\"; ma=2592000,h3-27=\":443\"; ma=2592000,h3-T050=\":443\"; ma=2592000,h3-Q050=\":443\"; ma=2592000,h3-Q046=\":443\"; ma=2592000,h3-Q043=\":443\"; ma=2592000,quic=\":443\"; ma=2592000; v=\"46,43\"","accept-ranges":"none","transfer-encoding":"chunked"}
[info] 
[info] === Serving from 'F:\cloud_exchange'...
[info] 
[debug] [2020-07-28T04:23:59.930Z] >>> HTTP REQUEST GET https://firebase.googleapis.com/v1beta1/projects/poised-charger-184507-910c4/webApps/-/config  
 
[debug] [2020-07-28T04:24:01.254Z] <<< HTTP RESPONSE 200 {"content-type":"application/json; charset=UTF-8","vary":"X-Origin, Referer, Origin,Accept-Encoding","date":"Tue, 28 Jul 2020 04:24:02 GMT","server":"ESF","cache-control":"private","x-xss-protection":"0","x-frame-options":"SAMEORIGIN","x-content-type-options":"nosniff","alt-svc":"h3-29=\":443\"; ma=2592000,h3-27=\":443\"; ma=2592000,h3-T050=\":443\"; ma=2592000,h3-Q050=\":443\"; ma=2592000,h3-Q046=\":443\"; ma=2592000,h3-Q043=\":443\"; ma=2592000,quic=\":443\"; ma=2592000; v=\"46,43\"","accept-ranges":"none","transfer-encoding":"chunked"}
[info] i  hosting: Serving hosting files from: public
[info] +  hosting: Local server: http://localhost:5000
[info] +  functions: Using node@10 from host.
[info] +  functions: functions emulator started at http://localhost:5001
[info] i  functions: Watching "F:\cloud_exchange\functions" for Cloud Functions...
[debug] [2020-07-28T04:24:02.026Z] [worker-pool] addWorker(~diagnostic~) 
[debug] [2020-07-28T04:24:02.026Z] [worker-pool] Adding worker with key ~diagnostic~, total=1 
[debug] [2020-07-28T04:24:02.026Z] [worker-pool] submitWork(triggerId=) 
[debug] [2020-07-28T04:24:02.026Z] [worker-~diagnostic~-2e6d7f5e-38b5-4b9a-922c-9e7996ada444]: Assigning socketPath: \\?\pipe\F:\cloud_exchange\functions\11084 
[debug] [2020-07-28T04:24:02.027Z] [worker-~diagnostic~-2e6d7f5e-38b5-4b9a-922c-9e7996ada444]: BUSY 
[debug] [2020-07-28T04:24:02.435Z] [runtime-status] [11084] Functions runtime initialized. {"cwd":"F:\\cloud_exchange\\functions","node_version":"10.15.3"} 
[debug] [2020-07-28T04:24:02.436Z] [runtime-status] [11084] Disabled runtime features: undefined 
[debug] [2020-07-28T04:24:02.458Z] [runtime-status] [11084] Resolved module firebase-admin {"declared":true,"installed":true,"version":"8.6.1","resolution":"F:\\cloud_exchange\\functions\\node_modules\\firebase-admin\\lib\\index.js"} 
[warn] !  The Cloud Functions emulator requires the module "firebase-admin" to be version >8.9.0 so your version is too old. You can probably fix this by running "npm install firebase-admin@latest" in your functions directory.
[info] i  functions: Your functions could not be parsed due to an issue with your node_modules (see above)
[debug] [2020-07-28T04:24:02.492Z] [worker-~diagnostic~-2e6d7f5e-38b5-4b9a-922c-9e7996ada444]: exited 
[debug] [2020-07-28T04:24:02.492Z] [worker-~diagnostic~-2e6d7f5e-38b5-4b9a-922c-9e7996ada444]: FINISHED 
[debug] [2020-07-30T08:14:59.457Z] ----------------------------------------------------------------------
[debug] [2020-07-30T08:14:59.459Z] Command:       C:\Program Files\nodejs\node.exe C:\Users\dushm\AppData\Roaming\npm\node_modules\firebase-tools\lib\bin\firebase.js serve
[debug] [2020-07-30T08:14:59.459Z] CLI Version:   8.2.0
[debug] [2020-07-30T08:14:59.460Z] Platform:      win32
[debug] [2020-07-30T08:14:59.460Z] Node Version:  v10.15.3
[debug] [2020-07-30T08:14:59.471Z] Time:          Thu Jul 30 2020 13:44:59 GMT+0530 (India Standard Time)
[debug] [2020-07-30T08:14:59.471Z] ----------------------------------------------------------------------
[debug] [2020-07-30T08:14:59.471Z] 
[debug] [2020-07-30T08:14:59.486Z] > command requires scopes: ["email","openid","https://www.googleapis.com/auth/cloudplatformprojects.readonly","https://www.googleapis.com/auth/firebase","https://www.googleapis.com/auth/cloud-platform"]
[debug] [2020-07-30T08:14:59.487Z] > authorizing via signed-in user
[debug] [2020-07-30T08:14:59.487Z] [iam] checking project poised-charger-184507-910c4 for permissions ["firebase.projects.get"]
[debug] [2020-07-30T08:14:59.489Z] > refreshing access token with scopes: ["email","https://www.googleapis.com/auth/cloud-platform","https://www.googleapis.com/auth/cloudplatformprojects.readonly","https://www.googleapis.com/auth/firebase","openid"]
[debug] [2020-07-30T08:14:59.489Z] >>> HTTP REQUEST POST https://www.googleapis.com/oauth2/v3/token  
 <request body omitted>
[debug] [2020-07-30T08:14:59.730Z] <<< HTTP RESPONSE 200 {"content-type":"application/json; charset=utf-8","vary":"X-Origin, Referer, Origin,Accept-Encoding","date":"Thu, 30 Jul 2020 08:14:59 GMT","server":"scaffolding on HTTPServer2","cache-control":"private","x-xss-protection":"0","x-frame-options":"SAMEORIGIN","x-content-type-options":"nosniff","alt-svc":"h3-29=\":443\"; ma=2592000,h3-27=\":443\"; ma=2592000,h3-T050=\":443\"; ma=2592000,h3-Q050=\":443\"; ma=2592000,h3-Q046=\":443\"; ma=2592000,h3-Q043=\":443\"; ma=2592000,quic=\":443\"; ma=2592000; v=\"46,43\"","accept-ranges":"none","transfer-encoding":"chunked"}
[debug] [2020-07-30T08:14:59.749Z] >>> HTTP REQUEST POST https://cloudresourcemanager.googleapis.com/v1/projects/poised-charger-184507-910c4:testIamPermissions  
 {"permissions":["firebase.projects.get"]}
[debug] [2020-07-30T08:15:00.947Z] <<< HTTP RESPONSE 200 {"content-type":"application/json; charset=UTF-8","vary":"X-Origin, Referer, Origin,Accept-Encoding","date":"Thu, 30 Jul 2020 08:15:00 GMT","server":"ESF","cache-control":"private","x-xss-protection":"0","x-frame-options":"SAMEORIGIN","x-content-type-options":"nosniff","server-timing":"gfet4t7; dur=984","alt-svc":"h3-29=\":443\"; ma=2592000,h3-27=\":443\"; ma=2592000,h3-T050=\":443\"; ma=2592000,h3-Q050=\":443\"; ma=2592000,h3-Q046=\":443\"; ma=2592000,h3-Q043=\":443\"; ma=2592000,quic=\":443\"; ma=2592000; v=\"46,43\"","accept-ranges":"none","transfer-encoding":"chunked"}
[debug] [2020-07-30T08:15:00.947Z] >>> HTTP REQUEST GET https://firebase.googleapis.com/v1beta1/projects/poised-charger-184507-910c4  
 
[debug] [2020-07-30T08:15:01.349Z] <<< HTTP RESPONSE 200 {"content-type":"application/json; charset=UTF-8","vary":"X-Origin, Referer, Origin,Accept-Encoding","date":"Thu, 30 Jul 2020 08:15:01 GMT","server":"ESF","cache-control":"private","x-xss-protection":"0","x-frame-options":"SAMEORIGIN","x-content-type-options":"nosniff","alt-svc":"h3-29=\":443\"; ma=2592000,h3-27=\":443\"; ma=2592000,h3-T050=\":443\"; ma=2592000,h3-Q050=\":443\"; ma=2592000,h3-Q046=\":443\"; ma=2592000,h3-Q043=\":443\"; ma=2592000,quic=\":443\"; ma=2592000; v=\"46,43\"","accept-ranges":"none","transfer-encoding":"chunked"}
[info] 
[info] === Serving from 'F:\cloud_exchange'...
[info] 
[debug] [2020-07-30T08:15:01.363Z] >>> HTTP REQUEST GET https://firebase.googleapis.com/v1beta1/projects/poised-charger-184507-910c4/webApps/-/config  
 
[debug] [2020-07-30T08:15:02.648Z] <<< HTTP RESPONSE 200 {"content-type":"application/json; charset=UTF-8","vary":"X-Origin, Referer, Origin,Accept-Encoding","date":"Thu, 30 Jul 2020 08:15:02 GMT","server":"ESF","cache-control":"private","x-xss-protection":"0","x-frame-options":"SAMEORIGIN","x-content-type-options":"nosniff","alt-svc":"h3-29=\":443\"; ma=2592000,h3-27=\":443\"; ma=2592000,h3-T050=\":443\"; ma=2592000,h3-Q050=\":443\"; ma=2592000,h3-Q046=\":443\"; ma=2592000,h3-Q043=\":443\"; ma=2592000,quic=\":443\"; ma=2592000; v=\"46,43\"","accept-ranges":"none","transfer-encoding":"chunked"}
[info] i  hosting: Serving hosting files from: public
[info] +  hosting: Local server: http://localhost:5000
[info] +  functions: Using node@10 from host.
[info] +  functions: functions emulator started at http://localhost:5001
[info] i  functions: Watching "F:\cloud_exchange\functions" for Cloud Functions...
[debug] [2020-07-30T08:15:03.480Z] [worker-pool] addWorker(~diagnostic~) 
[debug] [2020-07-30T08:15:03.480Z] [worker-pool] Adding worker with key ~diagnostic~, total=1 
[debug] [2020-07-30T08:15:03.480Z] [worker-pool] submitWork(triggerId=) 
[debug] [2020-07-30T08:15:03.481Z] [worker-~diagnostic~-03d922f8-1f95-43ab-bc57-0d5ca510cd53]: Assigning socketPath: \\?\pipe\F:\cloud_exchange\functions\7240 
[debug] [2020-07-30T08:15:03.481Z] [worker-~diagnostic~-03d922f8-1f95-43ab-bc57-0d5ca510cd53]: BUSY 
[debug] [2020-07-30T08:15:03.895Z] [runtime-status] [7240] Functions runtime initialized. {"cwd":"F:\\cloud_exchange\\functions","node_version":"10.15.3"} 
[debug] [2020-07-30T08:15:03.896Z] [runtime-status] [7240] Disabled runtime features: undefined 
[debug] [2020-07-30T08:15:03.903Z] [runtime-status] [7240] Resolved module firebase-admin {"declared":true,"installed":true,"version":"8.6.1","resolution":"F:\\cloud_exchange\\functions\\node_modules\\firebase-admin\\lib\\index.js"} 
[warn] !  The Cloud Functions emulator requires the module "firebase-admin" to be version >8.9.0 so your version is too old. You can probably fix this by running "npm install firebase-admin@latest" in your functions directory.
[info] i  functions: Your functions could not be parsed due to an issue with your node_modules (see above)
[debug] [2020-07-30T08:15:03.935Z] [worker-~diagnostic~-03d922f8-1f95-43ab-bc57-0d5ca510cd53]: exited 
[debug] [2020-07-30T08:15:03.935Z] [worker-~diagnostic~-03d922f8-1f95-43ab-bc57-0d5ca510cd53]: FINISHED 
