[debug] [2021-04-08T06:14:33.461Z] ----------------------------------------------------------------------
[debug] [2021-04-08T06:14:33.468Z] Command:       E:\Program Files\nodejs\node.exe C:\Users\Sathiya\AppData\Roaming\npm\node_modules\firebase-tools\lib\bin\firebase.js deploy --only hosting
[debug] [2021-04-08T06:14:33.469Z] CLI Version:   9.9.0
[debug] [2021-04-08T06:14:33.470Z] Platform:      win32
[debug] [2021-04-08T06:14:33.470Z] Node Version:  v12.18.3
[debug] [2021-04-08T06:14:33.474Z] Time:          Thu Apr 08 2021 11:44:33 GMT+0530 (India Standard Time)
[debug] [2021-04-08T06:14:33.474Z] ----------------------------------------------------------------------
[debug] 
[debug] [2021-04-08T06:14:33.521Z] > command requires scopes: ["email","openid","https://www.googleapis.com/auth/cloudplatformprojects.readonly","https://www.googleapis.com/auth/firebase","https://www.googleapis.com/auth/cloud-platform"]
[debug] [2021-04-08T06:14:33.522Z] > authorizing via signed-in user (sathiya1989@gmail.com)
[debug] [2021-04-08T06:14:33.522Z] [iam] checking project poised-charger-184507-910c4 for permissions ["firebase.projects.get","firebasehosting.sites.update"]
[debug] [2021-04-08T06:14:33.532Z] > refreshing access token with scopes: ["email","https://www.googleapis.com/auth/cloud-platform","https://www.googleapis.com/auth/cloudplatformprojects.readonly","https://www.googleapis.com/auth/firebase","openid"]
[debug] [2021-04-08T06:14:33.535Z] >>> HTTP REQUEST POST https://www.googleapis.com/oauth2/v3/token  
 <request body omitted>
[debug] [2021-04-08T06:14:34.233Z] <<< HTTP RESPONSE 200 {"cache-control":"no-cache, no-store, max-age=0, must-revalidate","date":"Thu, 08 Apr 2021 06:14:36 GMT","pragma":"no-cache","expires":"Mon, 01 Jan 1990 00:00:00 GMT","content-type":"application/json; charset=utf-8","vary":"X-Origin, Referer, Origin,Accept-Encoding","server":"scaffolding on HTTPServer2","x-xss-protection":"0","x-frame-options":"SAMEORIGIN","x-content-type-options":"nosniff","alt-svc":"h3-29=\":443\"; ma=2592000,h3-T051=\":443\"; ma=2592000,h3-Q050=\":443\"; ma=2592000,h3-Q046=\":443\"; ma=2592000,h3-Q043=\":443\"; ma=2592000,quic=\":443\"; ma=2592000; v=\"46,43\"","accept-ranges":"none","transfer-encoding":"chunked"}
[debug] [2021-04-08T06:14:34.272Z] >>> HTTP REQUEST POST https://cloudresourcemanager.googleapis.com/v1/projects/poised-charger-184507-910c4:testIamPermissions  
 {"permissions":["firebase.projects.get","firebasehosting.sites.update"]}
[debug] [2021-04-08T06:14:35.990Z] <<< HTTP RESPONSE 200 {"content-type":"application/json; charset=UTF-8","vary":"X-Origin, Referer, Origin,Accept-Encoding","date":"Thu, 08 Apr 2021 06:14:37 GMT","server":"ESF","cache-control":"private","x-xss-protection":"0","x-frame-options":"SAMEORIGIN","x-content-type-options":"nosniff","server-timing":"gfet4t7; dur=1322","alt-svc":"h3-29=\":443\"; ma=2592000,h3-T051=\":443\"; ma=2592000,h3-Q050=\":443\"; ma=2592000,h3-Q046=\":443\"; ma=2592000,h3-Q043=\":443\"; ma=2592000,quic=\":443\"; ma=2592000; v=\"46,43\"","accept-ranges":"none","transfer-encoding":"chunked"}
[debug] [2021-04-08T06:14:35.996Z] > refreshing access token with scopes: []
[debug] [2021-04-08T06:14:35.996Z] >>> HTTP REQUEST POST https://www.googleapis.com/oauth2/v3/token  
 <request body omitted>
[debug] [2021-04-08T06:14:36.445Z] <<< HTTP RESPONSE 200 {"date":"Thu, 08 Apr 2021 06:14:38 GMT","pragma":"no-cache","cache-control":"no-cache, no-store, max-age=0, must-revalidate","expires":"Mon, 01 Jan 1990 00:00:00 GMT","content-type":"application/json; charset=utf-8","vary":"X-Origin, Referer, Origin,Accept-Encoding","server":"scaffolding on HTTPServer2","x-xss-protection":"0","x-frame-options":"SAMEORIGIN","x-content-type-options":"nosniff","alt-svc":"h3-29=\":443\"; ma=2592000,h3-T051=\":443\"; ma=2592000,h3-Q050=\":443\"; ma=2592000,h3-Q046=\":443\"; ma=2592000,h3-Q043=\":443\"; ma=2592000,quic=\":443\"; ma=2592000; v=\"46,43\"","accept-ranges":"none","transfer-encoding":"chunked"}
[debug] [2021-04-08T06:14:36.481Z] >>> [apiv2][query] GET https://firebase.googleapis.com/v1beta1/projects/poised-charger-184507-910c4 [none]
[debug] [2021-04-08T06:14:37.064Z] <<< [apiv2][status] GET https://firebase.googleapis.com/v1beta1/projects/poised-charger-184507-910c4 200
[debug] [2021-04-08T06:14:37.064Z] <<< [apiv2][body] GET https://firebase.googleapis.com/v1beta1/projects/poised-charger-184507-910c4 {"projectId":"poised-charger-184507-910c4","projectNumber":"1091304846099","displayName":"poised-charger-184507","name":"projects/poised-charger-184507-910c4","resources":{"hostingSite":"poised-charger-184507-910c4","realtimeDatabaseInstance":"poised-charger-184507-910c4","storageBucket":"poised-charger-184507-910c4.appspot.com","locationId":"us-central"},"state":"ACTIVE"}
[warn] !  functions: package.json indicates an outdated version of firebase-functions.
Please upgrade using npm install --save firebase-functions@latest in your functions directory. 
[info] 
[info] === Deploying to 'poised-charger-184507-910c4'...
[info] 
[info] i  deploying hosting 
[debug] [2021-04-08T06:14:50.729Z] > refreshing access token with scopes: ["email","https://www.googleapis.com/auth/cloud-platform","https://www.googleapis.com/auth/cloudplatformprojects.readonly","https://www.googleapis.com/auth/firebase","openid"]
[debug] [2021-04-08T06:14:50.730Z] >>> HTTP REQUEST POST https://www.googleapis.com/oauth2/v3/token  
 <request body omitted>
[debug] [2021-04-08T06:14:51.223Z] <<< HTTP RESPONSE 200 {"pragma":"no-cache","date":"Thu, 08 Apr 2021 06:14:53 GMT","expires":"Mon, 01 Jan 1990 00:00:00 GMT","cache-control":"no-cache, no-store, max-age=0, must-revalidate","content-type":"application/json; charset=utf-8","vary":"X-Origin, Referer, Origin,Accept-Encoding","server":"scaffolding on HTTPServer2","x-xss-protection":"0","x-frame-options":"SAMEORIGIN","x-content-type-options":"nosniff","alt-svc":"h3-29=\":443\"; ma=2592000,h3-T051=\":443\"; ma=2592000,h3-Q050=\":443\"; ma=2592000,h3-Q046=\":443\"; ma=2592000,h3-Q043=\":443\"; ma=2592000,quic=\":443\"; ma=2592000; v=\"46,43\"","accept-ranges":"none","transfer-encoding":"chunked"}
[debug] [2021-04-08T06:14:51.263Z] >>> HTTP REQUEST POST https://firebasehosting.googleapis.com/v1beta1/sites/poised-charger-184507-910c4/versions  
 {"config":{},"labels":{"deployment-tool":"cli-firebase"}}
[debug] [2021-04-08T06:14:53.451Z] <<< HTTP RESPONSE 200 {"content-type":"application/json; charset=UTF-8","vary":"X-Origin, Referer, Origin,Accept-Encoding","date":"Thu, 08 Apr 2021 06:14:55 GMT","server":"ESF","cache-control":"private","x-xss-protection":"0","x-frame-options":"SAMEORIGIN","x-content-type-options":"nosniff","alt-svc":"h3-29=\":443\"; ma=2592000,h3-T051=\":443\"; ma=2592000,h3-Q050=\":443\"; ma=2592000,h3-Q046=\":443\"; ma=2592000,h3-Q043=\":443\"; ma=2592000,quic=\":443\"; ma=2592000; v=\"46,43\"","accept-ranges":"none","transfer-encoding":"chunked"}
